<?xml version="1.0" encoding="UTF-8"?>
<!-- Generated by org.testng.reporters.JUnitXMLReporter -->
<testsuite hostname="LSIPL07" ignored="3" name="A3Portal Application Test Automation  Test Cases" tests="3" failures="0" timestamp="28 Jun 2019 07:05:12 GMT" time="51.78" errors="0">
  <testcase name="loginPageTitleTest" time="0.024" classname="com.A3Portal.Testcases.LoginPageTest"/>
  <testcase name="loginTest" time="0.622" classname="com.A3Portal.Testcases.LoginPageTest"/>
  <testcase name="verifyHomePageTitleTest" time="0.016" classname="com.A3Portal.Testcases.HomePageTest"/>
  <testcase name="crmLogoImageTest" time="0.0" classname="com.A3Portal.Testcases.LoginPageTest">
    <ignored/>
  </testcase> <!-- crmLogoImageTest -->
  <testcase name="verifyUserNameTest" time="0.0" classname="com.A3Portal.Testcases.HomePageTest">
    <ignored/>
  </testcase> <!-- verifyUserNameTest -->
  <testcase name="verifyContactsLinkTest" time="0.0" classname="com.A3Portal.Testcases.HomePageTest">
    <ignored/>
  </testcase> <!-- verifyContactsLinkTest -->
</testsuite> <!-- A3Portal Application Test Automation  Test Cases -->
