<?xml version="1.0" encoding="UTF-8"?>
<!-- Generated by org.testng.reporters.JUnitXMLReporter -->
<testsuite hostname="LSIPL07" ignored="2" name="A3Portal Application Test Automation  Test Cases" tests="1" failures="0" timestamp="19 Jun 2019 07:39:11 GMT" time="25.094" errors="0">
  <testcase name="loginTest" time="2.174" classname="com.A3Portal.Testcases.LoginPageTest"/>
  <testcase name="crmLogoImageTest" time="0.0" classname="com.A3Portal.Testcases.LoginPageTest">
    <ignored/>
  </testcase> <!-- crmLogoImageTest -->
  <testcase name="loginPageTitleTest" time="0.0" classname="com.A3Portal.Testcases.LoginPageTest">
    <ignored/>
  </testcase> <!-- loginPageTitleTest -->
</testsuite> <!-- A3Portal Application Test Automation  Test Cases -->
