<?xml version="1.0" encoding="UTF-8"?>
<!-- Generated by org.testng.reporters.JUnitXMLReporter -->
<testsuite hostname="LSIPL07" ignored="2" name="Default test" tests="1" failures="0" timestamp="19 Jun 2019 07:35:09 GMT" time="24.991" errors="0">
  <testcase name="loginTest" time="2.337" classname="com.A3Poarta.Testcases.LoginPageTest"/>
  <testcase name="crmLogoImageTest" time="0.0" classname="com.A3Poarta.Testcases.LoginPageTest">
    <ignored/>
  </testcase> <!-- crmLogoImageTest -->
  <testcase name="loginPageTitleTest" time="0.0" classname="com.A3Poarta.Testcases.LoginPageTest">
    <ignored/>
  </testcase> <!-- loginPageTitleTest -->
</testsuite> <!-- Default test -->
