<?xml version="1.0" encoding="UTF-8"?>
<!-- Generated by org.testng.reporters.JUnitXMLReporter -->
<testsuite hostname="LSIPL07" ignored="2" name="Default test" tests="1" failures="0" timestamp="28 Jun 2019 06:59:48 GMT" time="20.33" errors="0">
  <testcase name="verifyHomePageTitleTest" time="0.027" classname="com.A3Portal.Testcases.HomePageTest"/>
  <testcase name="verifyUserNameTest" time="0.0" classname="com.A3Portal.Testcases.HomePageTest">
    <ignored/>
  </testcase> <!-- verifyUserNameTest -->
  <testcase name="verifyContactsLinkTest" time="0.0" classname="com.A3Portal.Testcases.HomePageTest">
    <ignored/>
  </testcase> <!-- verifyContactsLinkTest -->
</testsuite> <!-- Default test -->
